{
  "RSpec": {
    "coverage": {
      "/Users/ollie/Projects/ruby_parser_task/spec/parser_spec.rb": {
        "lines": [
          1,
          1,
          2,
          2,
          null,
          1,
          1,
          1,
          1,
          1,
          1,
          1,
          null,
          null,
          1,
          1,
          1,
          1,
          1,
          1,
          null,
          null,
          1,
          1,
          1,
          1,
          1,
          1,
          null,
          null,
          null
        ]
      },
      "/Users/ollie/Projects/ruby_parser_task/lib/parser.rb": {
        "lines": [
          1,
          null,
          1,
          1,
          null,
          1,
          3,
          3,
          3,
          null,
          null,
          1,
          3,
          3,
          null,
          null,
          1,
          null,
          1,
          3,
          4,
          4,
          4,
          null,
          null,
          null,
          1,
          4,
          1,
          null,
          3,
          null,
          null,
          null
        ]
      },
      "/Users/ollie/Projects/ruby_parser_task/lib/list.rb": {
        "lines": [
          1,
          1,
          1,
          2,
          null,
          null
        ]
      }
    },
    "timestamp": 1620640167
  }
}
